<?xml version="1.0" encoding="UTF-8"?>
<!-- Generated by org.testng.reporters.JUnitXMLReporter -->
<testsuite ignored="0" hostname="DESKTOP-TFUFUVK" failures="0" tests="7" name="Test-1" time="181.732" errors="0" timestamp="2024-02-24T09:25:00 IST">
  <testcase classname="testObjects.LoginErrorValidationTest" name="loginErrorValidation" time="2.581"/>
  <testcase classname="testObjects.SubmitOrderTest" name="submitOrder" time="19.949"/>
  <testcase classname="testObjects.SubmitOrderTest" name="submitOrder" time="19.615"/>
  <testcase classname="testObjects.SubmitOrderTest" name="submitOrder" time="19.137"/>
  <testcase classname="testObjects.SubmitOrderTest" name="orderHistoryValidation" time="5.481"/>
  <testcase classname="testObjects.SubmitOrderTest" name="orderHistoryValidation" time="3.593"/>
  <testcase classname="testObjects.SubmitOrderTest" name="orderHistoryValidation" time="3.591"/>
</testsuite> <!-- Test-1 -->
