<?xml version="1.0" encoding="UTF-8"?>
<!-- Generated by org.testng.reporters.JUnitXMLReporter -->
<testsuite ignored="0" hostname="DESKTOP-TFUFUVK" failures="0" tests="7" name="Test-2" time="271.416" errors="0" timestamp="2024-02-24T09:26:29 IST">
  <testcase classname="testObjects.LoginErrorValidationTest" name="loginErrorValidation" time="2.321"/>
  <testcase classname="testObjects.SubmitOrderTest" name="submitOrder" time="20.251"/>
  <testcase classname="testObjects.SubmitOrderTest" name="submitOrder" time="20.714"/>
  <testcase classname="testObjects.SubmitOrderTest" name="submitOrder" time="19.971"/>
  <testcase classname="testObjects.SubmitOrderTest" name="orderHistoryValidation" time="5.314"/>
  <testcase classname="testObjects.SubmitOrderTest" name="orderHistoryValidation" time="3.82"/>
  <testcase classname="testObjects.SubmitOrderTest" name="orderHistoryValidation" time="3.822"/>
</testsuite> <!-- Test-2 -->
