<?xml version="1.0" encoding="UTF-8"?>
<!-- Generated by org.testng.reporters.JUnitXMLReporter -->
<testsuite ignored="0" hostname="DESKTOP-TFUFUVK" failures="0" tests="7" name="Test-0" time="149.205" errors="0" timestamp="2024-02-24T09:24:27 IST">
  <testcase classname="testObjects.LoginErrorValidationTest" name="loginErrorValidation" time="3.227"/>
  <testcase classname="testObjects.SubmitOrderTest" name="submitOrder" time="20.669"/>
  <testcase classname="testObjects.SubmitOrderTest" name="submitOrder" time="19.664"/>
  <testcase classname="testObjects.SubmitOrderTest" name="submitOrder" time="9.852"/>
  <testcase classname="testObjects.SubmitOrderTest" name="orderHistoryValidation" time="4.695"/>
  <testcase classname="testObjects.SubmitOrderTest" name="orderHistoryValidation" time="3.005"/>
  <testcase classname="testObjects.SubmitOrderTest" name="orderHistoryValidation" time="4.146"/>
</testsuite> <!-- Test-0 -->
