<?xml version="1.0" encoding="UTF-8"?>
<!-- Generated by org.testng.reporters.JUnitXMLReporter -->
<testsuite ignored="0" hostname="DESKTOP-TFUFUVK" failures="0" tests="7" name="Test-2" time="158.792" errors="0" timestamp="2024-02-24T11:48:27 IST">
  <testcase classname="testObjects.LoginErrorValidationTest" name="loginErrorValidation" time="2.037"/>
  <testcase classname="testObjects.SubmitOrderTest" name="submitOrder" time="19.534"/>
  <testcase classname="testObjects.SubmitOrderTest" name="submitOrder" time="18.796"/>
  <testcase classname="testObjects.SubmitOrderTest" name="submitOrder" time="18.756"/>
  <testcase classname="testObjects.SubmitOrderTest" name="orderHistoryValidation" time="4.197"/>
  <testcase classname="testObjects.SubmitOrderTest" name="orderHistoryValidation" time="3.59"/>
  <testcase classname="testObjects.SubmitOrderTest" name="orderHistoryValidation" time="3.224"/>
</testsuite> <!-- Test-2 -->
