<?xml version="1.0" encoding="UTF-8"?>
<!-- Generated by org.testng.reporters.JUnitXMLReporter -->
<testsuite ignored="0" hostname="DESKTOP-TFUFUVK" failures="0" tests="7" name="Test-1" time="146.958" errors="0" timestamp="2024-02-24T11:48:15 IST">
  <testcase classname="testObjects.LoginErrorValidationTest" name="loginErrorValidation" time="3.039"/>
  <testcase classname="testObjects.SubmitOrderTest" name="submitOrder" time="20.027"/>
  <testcase classname="testObjects.SubmitOrderTest" name="submitOrder" time="20.101"/>
  <testcase classname="testObjects.SubmitOrderTest" name="submitOrder" time="20.444"/>
  <testcase classname="testObjects.SubmitOrderTest" name="orderHistoryValidation" time="4.64"/>
  <testcase classname="testObjects.SubmitOrderTest" name="orderHistoryValidation" time="4.009"/>
  <testcase classname="testObjects.SubmitOrderTest" name="orderHistoryValidation" time="4.269"/>
</testsuite> <!-- Test-1 -->
