<?xml version="1.0" encoding="UTF-8"?>
<!-- Generated by org.testng.reporters.JUnitXMLReporter -->
<testsuite ignored="0" hostname="DESKTOP-TFUFUVK" failures="0" tests="7" name="Test-0" time="134.355" errors="0" timestamp="2024-02-24T11:48:02 IST">
  <testcase classname="testObjects.LoginErrorValidationTest" name="loginErrorValidation" time="2.982"/>
  <testcase classname="testObjects.SubmitOrderTest" name="submitOrder" time="11.096"/>
  <testcase classname="testObjects.SubmitOrderTest" name="submitOrder" time="11.32"/>
  <testcase classname="testObjects.SubmitOrderTest" name="submitOrder" time="19.8"/>
  <testcase classname="testObjects.SubmitOrderTest" name="orderHistoryValidation" time="4.59"/>
  <testcase classname="testObjects.SubmitOrderTest" name="orderHistoryValidation" time="3.798"/>
  <testcase classname="testObjects.SubmitOrderTest" name="orderHistoryValidation" time="3.95"/>
</testsuite> <!-- Test-0 -->
