<?xml version="1.0" encoding="UTF-8"?>
<testsuite xmlns:xsi="http://www.w3.org/2001/XMLSchema-instance" xsi:schemaLocation="https://maven.apache.org/surefire/maven-surefire-plugin/xsd/surefire-test-report.xsd" name="TestSuite" time="159.072" tests="21" errors="0" skipped="0" failures="0">
  <properties>
    <property name="jansi.mode" value="force"/>
    <property name="java.runtime.name" value="Java(TM) SE Runtime Environment"/>
    <property name="java.vm.version" value="20.0.2+9-78"/>
    <property name="sun.boot.library.path" value="C:\Program Files\Java\jdk-20\bin"/>
    <property name="maven.multiModuleProjectDirectory" value="C:\Users\satis\eclipse-workspace\FrameworkEndToEnd_23_02_2024"/>
    <property name="java.vm.vendor" value="Oracle Corporation"/>
    <property name="java.vendor.url" value="https://java.oracle.com/"/>
    <property name="guice.disable.misplaced.annotation.check" value="true"/>
    <property name="path.separator" value=";"/>
    <property name="java.vm.name" value="Java HotSpot(TM) 64-Bit Server VM"/>
    <property name="sun.os.patch.level" value=""/>
    <property name="user.script" value=""/>
    <property name="user.country" value="IN"/>
    <property name="sun.java.launcher" value="SUN_STANDARD"/>
    <property name="java.vm.specification.name" value="Java Virtual Machine Specification"/>
    <property name="user.dir" value="C:\Users\satis\eclipse-workspace\FrameworkEndToEnd_23_02_2024"/>
    <property name="java.vm.compressedOopsMode" value="Zero based"/>
    <property name="java.runtime.version" value="20.0.2+9-78"/>
    <property name="os.arch" value="amd64"/>
    <property name="java.io.tmpdir" value="C:\Users\satis\AppData\Local\Temp\"/>
    <property name="line.separator" value="&#10;"/>
    <property name="java.vm.specification.vendor" value="Oracle Corporation"/>
    <property name="user.variant" value=""/>
    <property name="stderr.encoding" value="UTF-8"/>
    <property name="os.name" value="Windows 10"/>
    <property name="classworlds.conf" value="C:\Users\satis\eclipse-workspace\.metadata\.plugins\org.eclipse.m2e.launching\launches\m2conf11419340227174959109.tmp"/>
    <property name="sun.jnu.encoding" value="Cp1252"/>
    <property name="stdout.encoding" value="UTF-8"/>
    <property name="java.library.path" value="C:\Program Files\Java\jdk-20\bin;C:\WINDOWS\Sun\Java\bin;C:\WINDOWS\system32;C:\WINDOWS;C:/Program Files/Java/jdk-20/bin/server;C:/Program Files/Java/jdk-20/bin;C:\Program Files\Common Files\Oracle\Java\javapath;C:\WINDOWS\system32;C:\WINDOWS;C:\WINDOWS\System32\Wbem;C:\WINDOWS\System32\WindowsPowerShell\v1.0\;C:\WINDOWS\System32\OpenSSH\;C:\Program Files\Java\jdk-20\bin;C:\strawberry\c\bin;C:\strawberry\perl\bin;C:\Program Files (x86)\Groovy\bin;C:\Program Files\MySQL\MySQL Server 8.0\bin;C:\Program Files\Git\cmd;C:\Program Files\Maven\apache-maven-3.9.6\bin;C:\Program Files\apache-jmeter-5.6.2\apache-jmeter-5.6.2\bin;C:\Program Files\Docker\Docker\resources\bin;C:\Program Files\Kubectl;C:\Program Files\Kubernetes\Minikube;C:\Program Files\MySQL\MySQL Shell 8.0\bin\;C:\Users\satis\AppData\Local\Microsoft\WindowsApps;C:\Users\satis\AppData\Local\Programs\Microsoft VS Code\bin;C:\Users\satis\AppData\Local\GitHubDesktop\bin;C:\Users\satis\OneDrive\Desktop;;."/>
    <property name="jdk.debug" value="release"/>
    <property name="java.class.version" value="64.0"/>
    <property name="java.specification.name" value="Java Platform API Specification"/>
    <property name="sun.management.compiler" value="HotSpot 64-Bit Tiered Compilers"/>
    <property name="os.version" value="10.0"/>
    <property name="user.home" value="C:\Users\satis"/>
    <property name="user.timezone" value="Asia/Calcutta"/>
    <property name="file.encoding" value="UTF-8"/>
    <property name="java.specification.version" value="20"/>
    <property name="user.name" value="satis"/>
    <property name="java.class.path" value="C:\Users\satis\.p2\pool\plugins\org.eclipse.m2e.maven.runtime_3.9.400.20230826-0755\jars\plexus-classworlds-2.7.0.jar"/>
    <property name="java.vm.specification.version" value="20"/>
    <property name="sun.arch.data.model" value="64"/>
    <property name="sun.java.command" value="org.codehaus.plexus.classworlds.launcher.Launcher -B -Dstyle.color=always test"/>
    <property name="java.home" value="C:\Program Files\Java\jdk-20"/>
    <property name="user.language" value="en"/>
    <property name="java.specification.vendor" value="Oracle Corporation"/>
    <property name="java.vm.info" value="mixed mode, sharing"/>
    <property name="java.version" value="20.0.2"/>
    <property name="native.encoding" value="Cp1252"/>
    <property name="java.vendor" value="Oracle Corporation"/>
    <property name="maven.home" value="C:\Users\satis\eclipse-workspace\FrameworkEndToEnd_23_02_2024\EMBEDDED"/>
    <property name="style.color" value="always"/>
    <property name="file.separator" value="\"/>
    <property name="java.version.date" value="2023-07-18"/>
    <property name="java.vendor.url.bug" value="https://bugreport.java.com/bugreport/"/>
    <property name="sun.io.unicode.encoding" value="UnicodeLittle"/>
    <property name="sun.cpu.endian" value="little"/>
    <property name="m2e.build.project.data.socket.port" value="56496"/>
    <property name="sun.cpu.isalist" value="amd64"/>
  </properties>
  <testcase name="loginErrorValidation" classname="testObjects.LoginErrorValidationTest" time="1.248"/>
  <testcase name="loginErrorValidation" classname="testObjects.LoginErrorValidationTest" time="0.961"/>
  <testcase name="loginErrorValidation" classname="testObjects.LoginErrorValidationTest" time="2.095"/>
  <testcase name="submitOrder" classname="testObjects.SubmitOrderTest" time="10.417"/>
  <testcase name="submitOrder" classname="testObjects.SubmitOrderTest" time="11.048"/>
  <testcase name="submitOrder" classname="testObjects.SubmitOrderTest" time="11.137"/>
  <testcase name="submitOrder" classname="testObjects.SubmitOrderTest" time="10.3"/>
  <testcase name="submitOrder" classname="testObjects.SubmitOrderTest" time="18.838"/>
  <testcase name="submitOrder" classname="testObjects.SubmitOrderTest" time="19.926"/>
  <testcase name="submitOrder" classname="testObjects.SubmitOrderTest" time="9.583"/>
  <testcase name="submitOrder" classname="testObjects.SubmitOrderTest" time="18.781"/>
  <testcase name="submitOrder" classname="testObjects.SubmitOrderTest" time="19.655"/>
  <testcase name="orderHistoryValidation" classname="testObjects.SubmitOrderTest" time="4.668"/>
  <testcase name="orderHistoryValidation" classname="testObjects.SubmitOrderTest" time="4.006"/>
  <testcase name="orderHistoryValidation" classname="testObjects.SubmitOrderTest" time="4.716"/>
  <testcase name="orderHistoryValidation" classname="testObjects.SubmitOrderTest" time="3.915"/>
  <testcase name="orderHistoryValidation" classname="testObjects.SubmitOrderTest" time="0.318"/>
  <testcase name="orderHistoryValidation" classname="testObjects.SubmitOrderTest" time="2.087"/>
  <testcase name="orderHistoryValidation" classname="testObjects.SubmitOrderTest" time="3.575"/>
  <testcase name="orderHistoryValidation" classname="testObjects.SubmitOrderTest" time="4.362"/>
  <testcase name="orderHistoryValidation" classname="testObjects.SubmitOrderTest" time="3.274"/>
</testsuite>