<?xml version="1.0" encoding="UTF-8"?>
<!-- Generated by org.testng.reporters.JUnitReportReporter -->
<testsuite hostname="DESKTOP-TFUFUVK" failures="0" tests="1" name="FrameworkEndToEnd15022024.tests.SubmitOrderTest" time="6.667" errors="0" timestamp="2024-02-16T19:44:23 IST" skipped="0">
  <testcase classname="FrameworkEndToEnd15022024.tests.SubmitOrderTest" name="SubmitOrder" time="6.667"/>
</testsuite> <!-- FrameworkEndToEnd15022024.tests.SubmitOrderTest -->
