<?xml version="1.0" encoding="UTF-8"?>
<!-- Generated by org.testng.reporters.JUnitReportReporter -->
<testsuite hostname="DESKTOP-TFUFUVK" failures="0" tests="3" name="testObjects.LoginErrorValidationTest" time="63.448" errors="0" timestamp="2024-02-24T09:26:29 IST" skipped="0">
  <testcase classname="testObjects.LoginErrorValidationTest" name="loginErrorValidation" time="29.944"/>
  <system-out/>
  <testcase classname="testObjects.LoginErrorValidationTest" name="loginErrorValidation" time="15.916"/>
  <system-out/>
  <testcase classname="testObjects.LoginErrorValidationTest" name="loginErrorValidation" time="17.588"/>
  <system-out/>
</testsuite> <!-- testObjects.LoginErrorValidationTest -->
