<?xml version="1.0" encoding="UTF-8"?>
<!-- Generated by org.testng.reporters.JUnitReportReporter -->
<testsuite hostname="DESKTOP-TFUFUVK" failures="0" tests="3" name="testObjects.BrowserStackDemo" time="3.489" errors="0" timestamp="2024-02-23T22:03:16 IST" skipped="0">
  <testcase classname="testObjects.BrowserStackDemo" name="demoBrowserStack" time="1.159"/>
  <system-out/>
  <testcase classname="testObjects.BrowserStackDemo" name="demoBrowserStack" time="1.171"/>
  <system-out/>
  <testcase classname="testObjects.BrowserStackDemo" name="demoBrowserStack" time="1.159"/>
  <system-out/>
</testsuite> <!-- testObjects.BrowserStackDemo -->
