<?xml version="1.0" encoding="UTF-8"?>
<!-- Generated by org.testng.reporters.JUnitReportReporter -->
<testsuite hostname="DESKTOP-TFUFUVK" failures="0" tests="18" name="testObjects.SubmitOrderTest" time="512.088" errors="0" timestamp="2024-02-24T09:26:30 IST" skipped="0">
  <testcase classname="testObjects.SubmitOrderTest" name="orderHistoryValidation" time="17.797"/>
  <system-out/>
  <testcase classname="testObjects.SubmitOrderTest" name="orderHistoryValidation" time="26.934"/>
  <system-out/>
  <testcase classname="testObjects.SubmitOrderTest" name="orderHistoryValidation" time="20.679"/>
  <system-out/>
  <testcase classname="testObjects.SubmitOrderTest" name="orderHistoryValidation" time="14.498"/>
  <system-out/>
  <testcase classname="testObjects.SubmitOrderTest" name="orderHistoryValidation" time="13.969"/>
  <system-out/>
  <testcase classname="testObjects.SubmitOrderTest" name="orderHistoryValidation" time="15.163"/>
  <system-out/>
  <testcase classname="testObjects.SubmitOrderTest" name="submitOrder" time="33.067"/>
  <system-out/>
  <testcase classname="testObjects.SubmitOrderTest" name="orderHistoryValidation" time="17.474"/>
  <system-out/>
  <testcase classname="testObjects.SubmitOrderTest" name="submitOrder" time="30.429"/>
  <system-out/>
  <testcase classname="testObjects.SubmitOrderTest" name="submitOrder" time="32.836"/>
  <system-out/>
  <testcase classname="testObjects.SubmitOrderTest" name="submitOrder" time="51.735"/>
  <system-out/>
  <testcase classname="testObjects.SubmitOrderTest" name="orderHistoryValidation" time="27.284"/>
  <system-out/>
  <testcase classname="testObjects.SubmitOrderTest" name="orderHistoryValidation" time="25.595"/>
  <system-out/>
  <testcase classname="testObjects.SubmitOrderTest" name="submitOrder" time="33.389"/>
  <system-out/>
  <testcase classname="testObjects.SubmitOrderTest" name="submitOrder" time="20.041"/>
  <system-out/>
  <testcase classname="testObjects.SubmitOrderTest" name="submitOrder" time="30.195"/>
  <system-out/>
  <testcase classname="testObjects.SubmitOrderTest" name="submitOrder" time="59.071"/>
  <system-out/>
  <testcase classname="testObjects.SubmitOrderTest" name="submitOrder" time="41.932"/>
  <system-out/>
</testsuite> <!-- testObjects.SubmitOrderTest -->
