<?xml version="1.0" encoding="UTF-8"?>
<!-- Generated by org.testng.reporters.JUnitReportReporter -->
<testsuite hostname="DESKTOP-TFUFUVK" failures="0" tests="3" name="testObjects.BrowserStackDemoTest" time="3.475" errors="0" timestamp="2024-02-23T19:27:49 IST" skipped="0">
  <testcase classname="testObjects.BrowserStackDemoTest" name="demoBrowserStack" time="1.154"/>
  <testcase classname="testObjects.BrowserStackDemoTest" name="demoBrowserStack" time="1.123"/>
  <testcase classname="testObjects.BrowserStackDemoTest" name="demoBrowserStack" time="1.198"/>
</testsuite> <!-- testObjects.BrowserStackDemoTest -->
