<?xml version="1.0" encoding="UTF-8"?>
<!-- Generated by org.testng.reporters.JUnitReportReporter -->
<testsuite hostname="DESKTOP-TFUFUVK" failures="0" tests="3" name="testObjects.LoginErrorValidationTest" time="46.545" errors="0" timestamp="2024-02-24T11:48:27 IST" skipped="0">
  <testcase classname="testObjects.LoginErrorValidationTest" name="loginErrorValidation" time="13.778"/>
  <system-out/>
  <testcase classname="testObjects.LoginErrorValidationTest" name="loginErrorValidation" time="20.785"/>
  <system-out/>
  <testcase classname="testObjects.LoginErrorValidationTest" name="loginErrorValidation" time="11.982"/>
  <system-out/>
</testsuite> <!-- testObjects.LoginErrorValidationTest -->
