<?xml version="1.0" encoding="UTF-8"?>
<!-- Generated by org.testng.reporters.JUnitReportReporter -->
<testsuite hostname="DESKTOP-TFUFUVK" failures="0" tests="18" name="testObjects.SubmitOrderTest" time="416.777" errors="0" timestamp="2024-02-24T11:48:27 IST" skipped="0">
  <testcase classname="testObjects.SubmitOrderTest" name="orderHistoryValidation" time="15.200"/>
  <system-out/>
  <testcase classname="testObjects.SubmitOrderTest" name="orderHistoryValidation" time="27.321"/>
  <system-out/>
  <testcase classname="testObjects.SubmitOrderTest" name="submitOrder" time="30.967"/>
  <system-out/>
  <testcase classname="testObjects.SubmitOrderTest" name="orderHistoryValidation" time="20.435"/>
  <system-out/>
  <testcase classname="testObjects.SubmitOrderTest" name="orderHistoryValidation" time="14.448"/>
  <system-out/>
  <testcase classname="testObjects.SubmitOrderTest" name="submitOrder" time="33.068"/>
  <system-out/>
  <testcase classname="testObjects.SubmitOrderTest" name="orderHistoryValidation" time="13.476"/>
  <system-out/>
  <testcase classname="testObjects.SubmitOrderTest" name="submitOrder" time="31.110"/>
  <system-out/>
  <testcase classname="testObjects.SubmitOrderTest" name="orderHistoryValidation" time="15.350"/>
  <system-out/>
  <testcase classname="testObjects.SubmitOrderTest" name="submitOrder" time="21.167"/>
  <system-out/>
  <testcase classname="testObjects.SubmitOrderTest" name="orderHistoryValidation" time="15.081"/>
  <system-out/>
  <testcase classname="testObjects.SubmitOrderTest" name="orderHistoryValidation" time="15.441"/>
  <system-out/>
  <testcase classname="testObjects.SubmitOrderTest" name="orderHistoryValidation" time="21.855"/>
  <system-out/>
  <testcase classname="testObjects.SubmitOrderTest" name="submitOrder" time="20.947"/>
  <system-out/>
  <testcase classname="testObjects.SubmitOrderTest" name="submitOrder" time="30.559"/>
  <system-out/>
  <testcase classname="testObjects.SubmitOrderTest" name="submitOrder" time="31.267"/>
  <system-out/>
  <testcase classname="testObjects.SubmitOrderTest" name="submitOrder" time="29.137"/>
  <system-out/>
  <testcase classname="testObjects.SubmitOrderTest" name="submitOrder" time="29.948"/>
  <system-out/>
</testsuite> <!-- testObjects.SubmitOrderTest -->
